<?xml version="1.0" encoding="UTF-8"?>
<testng-results ignored="0" total="1" passed="1" failed="0" skipped="0">
  <reporter-output>
  </reporter-output>
  <suite started-at="2026-03-21T10:53:30 IST" name="Default suite" finished-at="2026-03-21T10:53:42 IST" duration-ms="11966">
    <groups>
    </groups>
    <test started-at="2026-03-21T10:53:30 IST" name="Default test" finished-at="2026-03-21T10:53:42 IST" duration-ms="11966">
      <class name="iframe.IframeTest">
        <test-method signature="iframeTestFunctionality()[pri:0, instance:iframe.IframeTest@36fc695d]" started-at="2026-03-21T10:53:30 IST" name="iframeTestFunctionality" finished-at="2026-03-21T10:53:42 IST" duration-ms="11837" status="PASS">
          <reporter-output>
          </reporter-output>
        </test-method> <!-- iframeTestFunctionality -->
      </class> <!-- iframe.IframeTest -->
    </test> <!-- Default test -->
  </suite> <!-- Default suite -->
</testng-results>
