<?xml version="1.0" encoding="UTF-8"?>
<testng-results ignored="0" total="1" passed="1" failed="0" skipped="0">
  <reporter-output>
  </reporter-output>
  <suite started-at="2026-04-30T00:15:22 IST" name="Suite" finished-at="2026-04-30T00:15:41 IST" duration-ms="18221">
    <groups>
    </groups>
    <test started-at="2026-04-30T00:15:22 IST" name="Test" finished-at="2026-04-30T00:15:41 IST" duration-ms="18221">
      <class name="crossworld_test.SearchForBookTest">
        <test-method is-config="true" signature="startReport()[pri:0, instance:crossworld_test.SearchForBookTest@7c9d8e2]" started-at="2026-04-30T00:15:21 IST" name="startReport" finished-at="2026-04-30T00:15:22 IST" duration-ms="1537" status="PASS">
          <reporter-output>
          </reporter-output>
        </test-method> <!-- startReport -->
        <test-method is-config="true" signature="setUp()[pri:0, instance:crossworld_test.SearchForBookTest@7c9d8e2]" started-at="2026-04-30T00:15:22 IST" name="setUp" finished-at="2026-04-30T00:15:35 IST" duration-ms="12555" status="PASS">
          <reporter-output>
          </reporter-output>
        </test-method> <!-- setUp -->
        <test-method signature="searchForBook()[pri:0, instance:crossworld_test.SearchForBookTest@7c9d8e2]" started-at="2026-04-30T00:15:35 IST" name="searchForBook" finished-at="2026-04-30T00:15:41 IST" duration-ms="5582" status="PASS">
          <reporter-output>
          </reporter-output>
        </test-method> <!-- searchForBook -->
        <test-method is-config="true" signature="tearDown()[pri:0, instance:crossworld_test.SearchForBookTest@7c9d8e2]" started-at="2026-04-30T00:15:41 IST" name="tearDown" finished-at="2026-04-30T00:15:42 IST" duration-ms="1495" status="PASS">
          <reporter-output>
          </reporter-output>
        </test-method> <!-- tearDown -->
      </class> <!-- crossworld_test.SearchForBookTest -->
    </test> <!-- Test -->
  </suite> <!-- Suite -->
</testng-results>
