<?xml version="1.0" encoding="UTF-8"?>
<!-- Generated by org.testng.reporters.JUnitReportReporter -->
<testsuite hostname="DESKTOP-T5KUJ5H" failures="0" tests="3" name="ajayautomation1.SauceLabLogintest" time="25.628" errors="0" timestamp="2026-01-25T10:41:53 IST" skipped="0">
  <testcase classname="ajayautomation1.SauceLabLogintest" name="applaunchtest" time="24.899"/>
  <testcase classname="ajayautomation1.SauceLabLogintest" name="maximizebrowser" time="0.145"/>
  <testcase classname="ajayautomation1.SauceLabLogintest" name="closebrowser" time="0.584"/>
</testsuite> <!-- ajayautomation1.SauceLabLogintest -->
