<?xml version="1.0" encoding="UTF-8"?>
<!-- Generated by org.testng.reporters.JUnitReportReporter -->
<testsuite hostname="DESKTOP-T5KUJ5H" failures="0" tests="2" name="testngannotations.ExceptionHandlingTest" time="20.083" errors="0" timestamp="2026-02-28T12:36:18 IST" skipped="0">
  <testcase classname="testngannotations.ExceptionHandlingTest" name="exceptionTest1" time="6.419"/>
  <testcase classname="testngannotations.ExceptionHandlingTest" name="exceptionTest2" time="13.664"/>
</testsuite> <!-- testngannotations.ExceptionHandlingTest -->
