<?xml version="1.0" encoding="UTF-8"?>
<!-- Generated by org.testng.reporters.JUnitReportReporter -->
<testsuite hostname="DESKTOP-T5KUJ5H" failures="0" tests="2" name="extendreport.NewTestExtendReportAndLogs" time="3.905" errors="0" timestamp="2026-03-14T13:53:01 IST" skipped="0">
  <testcase classname="extendreport.NewTestExtendReportAndLogs" name="loginTest" time="3.893"/>
  <testcase classname="extendreport.NewTestExtendReportAndLogs" name="sampletest1" time="0.012"/>
</testsuite> <!-- extendreport.NewTestExtendReportAndLogs -->
