<?xml version="1.0" encoding="UTF-8"?>
<!-- Generated by org.testng.reporters.JUnitReportReporter -->
<testsuite hostname="DESKTOP-T5KUJ5H" failures="0" tests="2" name="testngannotations.DependsOnMethodsTest" time="0.026" errors="0" timestamp="2026-02-28T11:28:16 IST" skipped="0">
  <testcase classname="testngannotations.DependsOnMethodsTest" name="login" time="0.018"/>
  <testcase classname="testngannotations.DependsOnMethodsTest" name="dashboard" time="0.008"/>
</testsuite> <!-- testngannotations.DependsOnMethodsTest -->
