<?xml version="1.0" encoding="UTF-8"?>
<!-- Generated by org.testng.reporters.JUnitReportReporter -->
<testsuite hostname="DESKTOP-T5KUJ5H" failures="0" tests="16" name="testngannotations.InvocationCountTest" time="0.130" errors="0" timestamp="2026-02-28T11:41:25 IST" skipped="0">
  <testcase classname="testngannotations.InvocationCountTest" name="invocationCount1" time="0.002"/>
  <testcase classname="testngannotations.InvocationCountTest" name="invocationCount1" time="0.008"/>
  <testcase classname="testngannotations.InvocationCountTest" name="invocationCount" time="0.046"/>
  <testcase classname="testngannotations.InvocationCountTest" name="invocationCount" time="0.009"/>
  <testcase classname="testngannotations.InvocationCountTest" name="invocationCount" time="0.003"/>
  <testcase classname="testngannotations.InvocationCountTest" name="invocationCount" time="0.002"/>
  <testcase classname="testngannotations.InvocationCountTest" name="invocationCount2" time="0.004"/>
  <testcase classname="testngannotations.InvocationCountTest" name="invocationCount" time="0.005"/>
  <testcase classname="testngannotations.InvocationCountTest" name="invocationCount1" time="0.002"/>
  <testcase classname="testngannotations.InvocationCountTest" name="invocationCount" time="0.002"/>
  <testcase classname="testngannotations.InvocationCountTest" name="invocationCount1" time="0.005"/>
  <testcase classname="testngannotations.InvocationCountTest" name="invocationCount" time="0.005"/>
  <testcase classname="testngannotations.InvocationCountTest" name="invocationCount" time="0.005"/>
  <testcase classname="testngannotations.InvocationCountTest" name="invocationCount" time="0.004"/>
  <testcase classname="testngannotations.InvocationCountTest" name="invocationCount" time="0.007"/>
  <testcase classname="testngannotations.InvocationCountTest" name="invocationCount1" time="0.021"/>
</testsuite> <!-- testngannotations.InvocationCountTest -->
