<?xml version="1.0" encoding="UTF-8"?>
<!-- Generated by org.testng.reporters.JUnitReportReporter -->
<testsuite hostname="DESKTOP-T5KUJ5H" failures="0" tests="6" name="ajayautomation1.LoginTest" time="171.431" errors="0" timestamp="2026-01-25T12:30:50 IST" skipped="0">
  <testcase classname="ajayautomation1.LoginTest" name="verifyLoginPageTitle" time="29.634"/>
  <testcase classname="ajayautomation1.LoginTest" name="verifyLoginPageSourceDoesNotContainError" time="21.768"/>
  <testcase classname="ajayautomation1.LoginTest" name="verifyLoginWithValidCredentials" time="29.914"/>
  <testcase classname="ajayautomation1.LoginTest" name="verifyErrorMessageForInvalidLogin" time="34.447"/>
  <testcase classname="ajayautomation1.LoginTest" name="verifyLoginFieldPlaceholders" time="24.494"/>
  <testcase classname="ajayautomation1.LoginTest" name="verifyPasswordFieldIsMasked" time="31.174"/>
</testsuite> <!-- ajayautomation1.LoginTest -->
