<?xml version="1.0" encoding="UTF-8"?>
<!-- Generated by org.testng.reporters.JUnitReportReporter -->
<testsuite hostname="DESKTOP-T5KUJ5H" failures="0" tests="2" name="testngannotations.IncludeExcludeTest" time="0.022" errors="0" timestamp="2026-02-28T11:35:48 IST" skipped="1">
  <testcase classname="testngannotations.IncludeExcludeTest" name="testclass2" time="0.022"/>
  <testcase classname="testngannotations.IncludeExcludeTest" name="testclass1">
    <skipped/>
  </testcase> <!-- testclass1 -->
</testsuite> <!-- testngannotations.IncludeExcludeTest -->
